<?xml version="1.0" encoding="UTF-8"?>
<!-- Generated by org.testng.reporters.JUnitReportReporter -->
<testsuite hostname="Alphageek" failures="0" tests="2" name="com.tutorialsninja.tests.Login" time="20.897" errors="0" timestamp="2024-01-28T03:05:40 IST" skipped="0">
  <testcase classname="com.tutorialsninja.tests.Login" name="verifyLoginWithInvalidCredentials" time="16.909"/>
  <testcase classname="com.tutorialsninja.tests.Login" name="verifyLoginWithValidCredentials" time="3.988"/>
</testsuite> <!-- com.tutorialsninja.tests.Login -->
